---------------------------------------------------------------
[ 2021-04-22T08:55:16+08:00 ] 127.0.0.1 GET /manage.php
[ info ] nonam.cc/manage.php [运行时间：0.296389s][吞吐率：3.37req/s] [内存消耗：1,620.16kb] [文件加载：46]
[ info ] [ LANG ] F:\Work space\test\core\lang\zh-cn.php
[ info ] [ BIND ] 'admin'
[ info ] [ ROUTE ] array (
  'type' => 'module',
  'module' => 
  array (
    0 => 'admin',
    1 => NULL,
    2 => NULL,
  ),
)
[ info ] [ HEADER ] array (
  'accept-language' => 'zh-CN,zh;q=0.9,en;q=0.8,en-GB;q=0.7,en-US;q=0.6',
  'accept-encoding' => 'gzip, deflate',
  'purpose' => 'prefetch',
  'accept' => 'text/html,application/xhtml+xml,application/xml;q=0.9,image/webp,image/apng,*/*;q=0.8,application/signed-exchange;v=b3;q=0.9',
  'user-agent' => 'Mozilla/5.0 (Windows NT 10.0; Win64; x64) AppleWebKit/537.36 (KHTML, like Gecko) Chrome/90.0.4430.72 Safari/537.36 Edg/90.0.818.41',
  'upgrade-insecure-requests' => '1',
  'connection' => 'close',
  'host' => 'nonam.cc',
)
[ info ] [ PARAM ] array (
)
[ info ] [ LOG ] INIT File
---------------------------------------------------------------
[ 2021-04-22T08:55:16+08:00 ] 127.0.0.1 GET /manage.php/login/index.html
[ info ] nonam.cc/manage.php/login/index.html [运行时间：0.260290s][吞吐率：3.84req/s] [内存消耗：2,466.11kb] [文件加载：53]
[ info ] [ LANG ] F:\Work space\test\core\lang\zh-cn.php
[ info ] [ BIND ] 'admin'
[ info ] [ ROUTE ] array (
  'type' => 'module',
  'module' => 
  array (
    0 => 'admin',
    1 => 'login',
    2 => 'index',
  ),
)
[ info ] [ HEADER ] array (
  'accept-language' => 'zh-CN,zh;q=0.9,en;q=0.8,en-GB;q=0.7,en-US;q=0.6',
  'accept-encoding' => 'gzip, deflate',
  'purpose' => 'prefetch',
  'accept' => 'text/html,application/xhtml+xml,application/xml;q=0.9,image/webp,image/apng,*/*;q=0.8,application/signed-exchange;v=b3;q=0.9',
  'user-agent' => 'Mozilla/5.0 (Windows NT 10.0; Win64; x64) AppleWebKit/537.36 (KHTML, like Gecko) Chrome/90.0.4430.72 Safari/537.36 Edg/90.0.818.41',
  'upgrade-insecure-requests' => '1',
  'connection' => 'close',
  'host' => 'nonam.cc',
)
[ info ] [ PARAM ] array (
)
[ info ] [ RUN ] app\admin\controller\Login->index[ F:\Work space\test\application\admin\controller\Login.php ]
[ info ] [ DB ] INIT mysql
[ info ] [ VIEW ] F:\Work space\test\public_html/../application/admin\view\login\index.html [ array (
  0 => 'remember',
  1 => 'name',
  2 => 'site',
) ]
[ info ] [ LOG ] INIT File
[ sql ] [ DB ] CONNECT:[ UseTime:0.016912s ] mysql:host=localhost;port=3306;dbname=app_com;charset=utf8
[ sql ] [ SQL ] SHOW COLUMNS FROM `ke_xitong` [ RunTime:0.050266s ]
[ sql ] [ SQL ] SELECT * FROM `ke_xitong` LIMIT 1 [ RunTime:0.000801s ]
---------------------------------------------------------------
[ 2021-04-22T08:55:23+08:00 ] 127.0.0.1 POST /manage.php/login/login_do.html
[ info ] nonam.cc/manage.php/login/login_do.html [运行时间：0.076393s][吞吐率：13.09req/s] [内存消耗：2,452.35kb] [文件加载：53]
[ info ] [ LANG ] F:\Work space\test\core\lang\zh-cn.php
[ info ] [ BIND ] 'admin'
[ info ] [ ROUTE ] array (
  'type' => 'module',
  'module' => 
  array (
    0 => 'admin',
    1 => 'login',
    2 => 'login_do',
  ),
)
[ info ] [ HEADER ] array (
  'accept-language' => 'zh-CN,zh;q=0.9,en;q=0.8,en-GB;q=0.7,en-US;q=0.6',
  'accept-encoding' => 'gzip, deflate',
  'referer' => 'http://nonam.cc/manage.php/login/index.html',
  'origin' => 'http://nonam.cc',
  'content-type' => 'application/x-www-form-urlencoded; charset=UTF-8',
  'user-agent' => 'Mozilla/5.0 (Windows NT 10.0; Win64; x64) AppleWebKit/537.36 (KHTML, like Gecko) Chrome/90.0.4430.72 Safari/537.36 Edg/90.0.818.41',
  'x-requested-with' => 'XMLHttpRequest',
  'accept' => '*/*',
  'content-length' => '26',
  'connection' => 'close',
  'host' => 'nonam.cc',
)
[ info ] [ PARAM ] array (
  'name' => 'admin',
  'password' => '123456',
)
[ info ] [ RUN ] app\admin\controller\Login->login_do[ F:\Work space\test\application\admin\controller\Login.php ]
[ info ] [ DB ] INIT mysql
[ info ] [ LOG ] INIT File
[ sql ] [ DB ] CONNECT:[ UseTime:0.010897s ] mysql:host=localhost;port=3306;dbname=app_com;charset=utf8
[ sql ] [ SQL ] SHOW COLUMNS FROM `ke_user_admin` [ RunTime:0.022210s ]
[ sql ] [ SQL ] SELECT `password`,`status`,`id` FROM `ke_user_admin` WHERE  `name` = 'admin' LIMIT 1 [ RunTime:0.000763s ]
---------------------------------------------------------------
[ 2021-04-22T08:55:30+08:00 ] 127.0.0.1 GET /manage.php/login/index.html
[ info ] nonam.cc/manage.php/login/index.html [运行时间：0.055063s][吞吐率：18.16req/s] [内存消耗：2,466.90kb] [文件加载：53]
[ info ] [ LANG ] F:\Work space\test\core\lang\zh-cn.php
[ info ] [ BIND ] 'admin'
[ info ] [ ROUTE ] array (
  'type' => 'module',
  'module' => 
  array (
    0 => 'admin',
    1 => 'login',
    2 => 'index',
  ),
)
[ info ] [ HEADER ] array (
  'cookie' => 'adminid=2',
  'accept-language' => 'zh-CN,zh;q=0.9,en;q=0.8,en-GB;q=0.7,en-US;q=0.6',
  'accept-encoding' => 'gzip, deflate',
  'accept' => 'text/html,application/xhtml+xml,application/xml;q=0.9,image/webp,image/apng,*/*;q=0.8,application/signed-exchange;v=b3;q=0.9',
  'user-agent' => 'Mozilla/5.0 (Windows NT 10.0; Win64; x64) AppleWebKit/537.36 (KHTML, like Gecko) Chrome/90.0.4430.72 Safari/537.36 Edg/90.0.818.41',
  'upgrade-insecure-requests' => '1',
  'cache-control' => 'no-cache',
  'pragma' => 'no-cache',
  'connection' => 'close',
  'host' => 'nonam.cc',
)
[ info ] [ PARAM ] array (
)
[ info ] [ RUN ] app\admin\controller\Login->index[ F:\Work space\test\application\admin\controller\Login.php ]
[ info ] [ DB ] INIT mysql
[ info ] [ VIEW ] F:\Work space\test\public_html/../application/admin\view\login\index.html [ array (
  0 => 'remember',
  1 => 'name',
  2 => 'site',
) ]
[ info ] [ LOG ] INIT File
[ sql ] [ DB ] CONNECT:[ UseTime:0.010653s ] mysql:host=localhost;port=3306;dbname=app_com;charset=utf8
[ sql ] [ SQL ] SHOW COLUMNS FROM `ke_xitong` [ RunTime:0.001642s ]
[ sql ] [ SQL ] SELECT * FROM `ke_xitong` LIMIT 1 [ RunTime:0.000518s ]
---------------------------------------------------------------
[ 2021-04-22T08:56:17+08:00 ] 127.0.0.1 POST /manage.php/login/login_do.html
[ info ] nonam.cc/manage.php/login/login_do.html [运行时间：0.040138s][吞吐率：24.91req/s] [内存消耗：2,453.18kb] [文件加载：53]
[ info ] [ LANG ] F:\Work space\test\core\lang\zh-cn.php
[ info ] [ BIND ] 'admin'
[ info ] [ ROUTE ] array (
  'type' => 'module',
  'module' => 
  array (
    0 => 'admin',
    1 => 'login',
    2 => 'login_do',
  ),
)
[ info ] [ HEADER ] array (
  'cookie' => 'adminid=2',
  'accept-language' => 'zh-CN,zh;q=0.9,en;q=0.8,en-GB;q=0.7,en-US;q=0.6',
  'accept-encoding' => 'gzip, deflate',
  'referer' => 'http://nonam.cc/manage.php/login/index.html',
  'origin' => 'http://nonam.cc',
  'content-type' => 'application/x-www-form-urlencoded; charset=UTF-8',
  'user-agent' => 'Mozilla/5.0 (Windows NT 10.0; Win64; x64) AppleWebKit/537.36 (KHTML, like Gecko) Chrome/90.0.4430.72 Safari/537.36 Edg/90.0.818.41',
  'x-requested-with' => 'XMLHttpRequest',
  'accept' => '*/*',
  'cache-control' => 'no-cache',
  'pragma' => 'no-cache',
  'content-length' => '26',
  'connection' => 'close',
  'host' => 'nonam.cc',
)
[ info ] [ PARAM ] array (
  'name' => 'admin',
  'password' => '123456',
)
[ info ] [ RUN ] app\admin\controller\Login->login_do[ F:\Work space\test\application\admin\controller\Login.php ]
[ info ] [ DB ] INIT mysql
[ info ] [ LOG ] INIT File
[ sql ] [ DB ] CONNECT:[ UseTime:0.010282s ] mysql:host=localhost;port=3306;dbname=app_com;charset=utf8
[ sql ] [ SQL ] SHOW COLUMNS FROM `ke_user_admin` [ RunTime:0.001324s ]
[ sql ] [ SQL ] SELECT `password`,`status`,`id` FROM `ke_user_admin` WHERE  `name` = 'admin' LIMIT 1 [ RunTime:0.000472s ]
---------------------------------------------------------------
[ 2021-04-22T08:56:18+08:00 ] 127.0.0.1 GET /manage.php/index/index.html
[ info ] nonam.cc/manage.php/index/index.html [运行时间：0.246361s][吞吐率：4.06req/s] [内存消耗：2,520.84kb] [文件加载：54]
[ info ] [ LANG ] F:\Work space\test\core\lang\zh-cn.php
[ info ] [ BIND ] 'admin'
[ info ] [ ROUTE ] array (
  'type' => 'module',
  'module' => 
  array (
    0 => 'admin',
    1 => 'index',
    2 => 'index',
  ),
)
[ info ] [ HEADER ] array (
  'cookie' => 'adminid=2',
  'accept-language' => 'zh-CN,zh;q=0.9,en;q=0.8,en-GB;q=0.7,en-US;q=0.6',
  'accept-encoding' => 'gzip, deflate',
  'referer' => 'http://nonam.cc/manage.php/login/index.html',
  'accept' => 'text/html,application/xhtml+xml,application/xml;q=0.9,image/webp,image/apng,*/*;q=0.8,application/signed-exchange;v=b3;q=0.9',
  'user-agent' => 'Mozilla/5.0 (Windows NT 10.0; Win64; x64) AppleWebKit/537.36 (KHTML, like Gecko) Chrome/90.0.4430.72 Safari/537.36 Edg/90.0.818.41',
  'upgrade-insecure-requests' => '1',
  'cache-control' => 'no-cache',
  'pragma' => 'no-cache',
  'connection' => 'close',
  'host' => 'nonam.cc',
)
[ info ] [ PARAM ] array (
)
[ info ] [ DB ] INIT mysql
[ info ] [ RUN ] app\admin\controller\Index->index[ F:\Work space\test\application\admin\controller\Index.php ]
[ info ] [ VIEW ] F:\Work space\test\public_html/../application/admin\view\index\index.html [ array (
  0 => 'admin',
  1 => 'site',
  2 => 'menu',
) ]
[ info ] [ LOG ] INIT File
[ sql ] [ DB ] CONNECT:[ UseTime:0.010138s ] mysql:host=localhost;port=3306;dbname=app_com;charset=utf8
[ sql ] [ SQL ] SHOW COLUMNS FROM `ke_user_admin` [ RunTime:0.001176s ]
[ sql ] [ SQL ] SELECT `id`,`name`,`user_cat`,`status` FROM `ke_user_admin` WHERE  (  id=2 ) LIMIT 1 [ RunTime:0.000338s ]
[ sql ] [ SQL ] SHOW COLUMNS FROM `ke_xitong` [ RunTime:0.000980s ]
[ sql ] [ SQL ] SELECT * FROM `ke_xitong` WHERE  (  id=1 ) LIMIT 1 [ RunTime:0.000335s ]
[ sql ] [ SQL ] SHOW COLUMNS FROM `ke_user_admin_auth` [ RunTime:0.046799s ]
[ sql ] [ SQL ] SELECT `action_id` FROM `ke_user_admin_auth` WHERE  (  role_id=1 ) [ RunTime:0.000439s ]
[ sql ] [ SQL ] SHOW COLUMNS FROM `ke_user_admin_action` [ RunTime:0.089432s ]
[ sql ] [ SQL ] SELECT `id`,`name`,`m`,`a`,`icon` FROM `ke_user_admin_action` WHERE  `is_show` = 1  AND `fid` = 0 ORDER BY listorder asc [ RunTime:0.027650s ]
[ sql ] [ SQL ] SELECT `action_id` FROM `ke_user_admin_auth` WHERE  (  role_id=1 ) [ RunTime:0.000713s ]
[ sql ] [ SQL ] SELECT `id`,`name`,`m`,`a` FROM `ke_user_admin_action` WHERE  `is_show` = 1  AND `fid` = 5 ORDER BY listorder asc [ RunTime:0.000655s ]
[ sql ] [ SQL ] SELECT `id`,`name`,`m`,`a` FROM `ke_user_admin_action` WHERE  `is_show` = 1  AND `fid` = 1 ORDER BY listorder asc [ RunTime:0.000648s ]
[ sql ] [ SQL ] SELECT `id`,`name`,`m`,`a` FROM `ke_user_admin_action` WHERE  `is_show` = 1  AND `fid` = 9 ORDER BY listorder asc [ RunTime:0.000601s ]
[ sql ] [ SQL ] SELECT `id`,`name`,`m`,`a` FROM `ke_user_admin_action` WHERE  `is_show` = 1  AND `fid` = 37 ORDER BY listorder asc [ RunTime:0.000682s ]
[ sql ] [ SQL ] SELECT `id`,`name`,`m`,`a` FROM `ke_user_admin_action` WHERE  `is_show` = 1  AND `fid` = 33 ORDER BY listorder asc [ RunTime:0.000601s ]
[ sql ] [ SQL ] SELECT `id`,`name`,`m`,`a` FROM `ke_user_admin_action` WHERE  `is_show` = 1  AND `fid` = 2 ORDER BY listorder asc [ RunTime:0.000578s ]
[ sql ] [ SQL ] SELECT `id`,`name`,`m`,`a` FROM `ke_user_admin_action` WHERE  `is_show` = 1  AND `fid` = 15 ORDER BY listorder asc [ RunTime:0.000596s ]
[ sql ] [ SQL ] SELECT `id`,`name`,`m`,`a` FROM `ke_user_admin_action` WHERE  `is_show` = 1  AND `fid` = 192 ORDER BY listorder asc [ RunTime:0.000585s ]
[ sql ] [ SQL ] SELECT `id`,`name`,`m`,`a` FROM `ke_user_admin_action` WHERE  `is_show` = 1  AND `fid` = 196 ORDER BY listorder asc [ RunTime:0.000586s ]
[ sql ] [ SQL ] SELECT `id`,`name`,`m`,`a` FROM `ke_user_admin_action` WHERE  `is_show` = 1  AND `fid` = 197 ORDER BY listorder asc [ RunTime:0.000798s ]
[ sql ] [ SQL ] SELECT `id`,`name`,`m`,`a` FROM `ke_user_admin_action` WHERE  `is_show` = 1  AND `fid` = 200 ORDER BY listorder asc [ RunTime:0.000579s ]
---------------------------------------------------------------
[ 2021-04-22T08:56:18+08:00 ] 127.0.0.1 GET /manage.php/index/main.html
[ info ] nonam.cc/manage.php/index/main.html [运行时间：0.058121s][吞吐率：17.21req/s] [内存消耗：2,428.93kb] [文件加载：53]
[ info ] [ LANG ] F:\Work space\test\core\lang\zh-cn.php
[ info ] [ BIND ] 'admin'
[ info ] [ ROUTE ] array (
  'type' => 'module',
  'module' => 
  array (
    0 => 'admin',
    1 => 'index',
    2 => 'main',
  ),
)
[ info ] [ HEADER ] array (
  'cookie' => 'adminid=2',
  'accept-language' => 'zh-CN,zh;q=0.9,en;q=0.8,en-GB;q=0.7,en-US;q=0.6',
  'accept-encoding' => 'gzip, deflate',
  'referer' => 'http://nonam.cc/manage.php/index/index.html',
  'accept' => 'text/html,application/xhtml+xml,application/xml;q=0.9,image/webp,image/apng,*/*;q=0.8,application/signed-exchange;v=b3;q=0.9',
  'user-agent' => 'Mozilla/5.0 (Windows NT 10.0; Win64; x64) AppleWebKit/537.36 (KHTML, like Gecko) Chrome/90.0.4430.72 Safari/537.36 Edg/90.0.818.41',
  'upgrade-insecure-requests' => '1',
  'cache-control' => 'no-cache',
  'pragma' => 'no-cache',
  'connection' => 'close',
  'host' => 'nonam.cc',
)
[ info ] [ PARAM ] array (
)
[ info ] [ DB ] INIT mysql
[ info ] [ RUN ] app\admin\controller\Index->main[ F:\Work space\test\application\admin\controller\Index.php ]
[ info ] [ VIEW ] F:\Work space\test\public_html/../application/admin\view\index\main.html [ array (
  0 => 'admin',
  1 => 'site',
) ]
[ info ] [ LOG ] INIT File
[ sql ] [ DB ] CONNECT:[ UseTime:0.009972s ] mysql:host=localhost;port=3306;dbname=app_com;charset=utf8
[ sql ] [ SQL ] SHOW COLUMNS FROM `ke_user_admin` [ RunTime:0.001686s ]
[ sql ] [ SQL ] SELECT `id`,`name`,`user_cat`,`status` FROM `ke_user_admin` WHERE  (  id=2 ) LIMIT 1 [ RunTime:0.000503s ]
[ sql ] [ SQL ] SHOW COLUMNS FROM `ke_xitong` [ RunTime:0.003894s ]
[ sql ] [ SQL ] SELECT * FROM `ke_xitong` WHERE  (  id=1 ) LIMIT 1 [ RunTime:0.000547s ]
[ sql ] [ SQL ] SHOW COLUMNS FROM `ke_user_admin_auth` [ RunTime:0.001460s ]
[ sql ] [ SQL ] SELECT `action_id` FROM `ke_user_admin_auth` WHERE  (  role_id=1 ) [ RunTime:0.000412s ]
---------------------------------------------------------------
[ 2021-04-22T08:56:36+08:00 ] 127.0.0.1 GET /manage.php/goods/wdl_cate.html
[ info ] nonam.cc/manage.php/goods/wdl_cate.html [运行时间：0.107918s][吞吐率：9.27req/s] [内存消耗：2,534.16kb] [文件加载：54]
[ info ] [ LANG ] F:\Work space\test\core\lang\zh-cn.php
[ info ] [ BIND ] 'admin'
[ info ] [ ROUTE ] array (
  'type' => 'module',
  'module' => 
  array (
    0 => 'admin',
    1 => 'goods',
    2 => 'wdl_cate',
  ),
)
[ info ] [ HEADER ] array (
  'cookie' => 'adminid=2',
  'accept-language' => 'zh-CN,zh;q=0.9,en;q=0.8,en-GB;q=0.7,en-US;q=0.6',
  'accept-encoding' => 'gzip, deflate',
  'referer' => 'http://nonam.cc/manage.php/index/index.html',
  'accept' => 'text/html,application/xhtml+xml,application/xml;q=0.9,image/webp,image/apng,*/*;q=0.8,application/signed-exchange;v=b3;q=0.9',
  'user-agent' => 'Mozilla/5.0 (Windows NT 10.0; Win64; x64) AppleWebKit/537.36 (KHTML, like Gecko) Chrome/90.0.4430.72 Safari/537.36 Edg/90.0.818.41',
  'upgrade-insecure-requests' => '1',
  'cache-control' => 'no-cache',
  'pragma' => 'no-cache',
  'connection' => 'close',
  'host' => 'nonam.cc',
)
[ info ] [ PARAM ] array (
)
[ info ] [ DB ] INIT mysql
[ info ] [ RUN ] app\admin\controller\Goods->wdl_cate[ F:\Work space\test\application\admin\controller\Goods.php ]
[ info ] [ VIEW ] F:\Work space\test\public_html/../application/admin\view\goods\cate.html [ array (
  0 => 'admin',
  1 => 'site',
) ]
[ info ] [ LOG ] INIT File
[ sql ] [ DB ] CONNECT:[ UseTime:0.010832s ] mysql:host=localhost;port=3306;dbname=app_com;charset=utf8
[ sql ] [ SQL ] SHOW COLUMNS FROM `ke_user_admin` [ RunTime:0.001184s ]
[ sql ] [ SQL ] SELECT `id`,`name`,`user_cat`,`status` FROM `ke_user_admin` WHERE  (  id=2 ) LIMIT 1 [ RunTime:0.000316s ]
[ sql ] [ SQL ] SHOW COLUMNS FROM `ke_xitong` [ RunTime:0.001033s ]
[ sql ] [ SQL ] SELECT * FROM `ke_xitong` WHERE  (  id=1 ) LIMIT 1 [ RunTime:0.000313s ]
[ sql ] [ SQL ] SHOW COLUMNS FROM `ke_user_admin_auth` [ RunTime:0.000914s ]
[ sql ] [ SQL ] SELECT `action_id` FROM `ke_user_admin_auth` WHERE  (  role_id=1 ) [ RunTime:0.000236s ]
---------------------------------------------------------------
[ 2021-04-22T08:56:37+08:00 ] 127.0.0.1 POST /manage.php/goods/wdl_cate.html
[ info ] nonam.cc/manage.php/goods/wdl_cate.html [运行时间：0.257887s][吞吐率：3.88req/s] [内存消耗：2,589.30kb] [文件加载：53]
[ info ] [ LANG ] F:\Work space\test\core\lang\zh-cn.php
[ info ] [ BIND ] 'admin'
[ info ] [ ROUTE ] array (
  'type' => 'module',
  'module' => 
  array (
    0 => 'admin',
    1 => 'goods',
    2 => 'wdl_cate',
  ),
)
[ info ] [ HEADER ] array (
  'cookie' => 'adminid=2',
  'accept-language' => 'zh-CN,zh;q=0.9,en;q=0.8,en-GB;q=0.7,en-US;q=0.6',
  'accept-encoding' => 'gzip, deflate',
  'referer' => 'http://nonam.cc/manage.php/goods/wdl_cate.html',
  'origin' => 'http://nonam.cc',
  'content-type' => 'application/x-www-form-urlencoded; charset=UTF-8',
  'user-agent' => 'Mozilla/5.0 (Windows NT 10.0; Win64; x64) AppleWebKit/537.36 (KHTML, like Gecko) Chrome/90.0.4430.72 Safari/537.36 Edg/90.0.818.41',
  'x-requested-with' => 'XMLHttpRequest',
  'accept' => 'application/json, text/javascript, */*; q=0.01',
  'cache-control' => 'no-cache',
  'pragma' => 'no-cache',
  'content-length' => '15',
  'connection' => 'close',
  'host' => 'nonam.cc',
)
[ info ] [ PARAM ] array (
  'page' => '1',
  'limit' => '10',
)
[ info ] [ DB ] INIT mysql
[ info ] [ RUN ] app\admin\controller\Goods->wdl_cate[ F:\Work space\test\application\admin\controller\Goods.php ]
[ info ] [ LOG ] INIT File
[ sql ] [ DB ] CONNECT:[ UseTime:0.001224s ] mysql:host=localhost;port=3306;dbname=app_com;charset=utf8
[ sql ] [ SQL ] SHOW COLUMNS FROM `ke_user_admin` [ RunTime:0.001589s ]
[ sql ] [ SQL ] SELECT `id`,`name`,`user_cat`,`status` FROM `ke_user_admin` WHERE  (  id=2 ) LIMIT 1 [ RunTime:0.000513s ]
[ sql ] [ SQL ] SHOW COLUMNS FROM `ke_xitong` [ RunTime:0.001442s ]
[ sql ] [ SQL ] SELECT * FROM `ke_xitong` WHERE  (  id=1 ) LIMIT 1 [ RunTime:0.000413s ]
[ sql ] [ SQL ] SHOW COLUMNS FROM `ke_user_admin_auth` [ RunTime:0.001274s ]
[ sql ] [ SQL ] SELECT `action_id` FROM `ke_user_admin_auth` WHERE  (  role_id=1 ) [ RunTime:0.001541s ]
[ sql ] [ SQL ] SHOW COLUMNS FROM `ke_goods_category` [ RunTime:0.073684s ]
[ sql ] [ SQL ] SELECT * FROM `ke_goods_category` ORDER BY weigh desc [ RunTime:0.000533s ]
[ sql ] [ SQL ] SHOW COLUMNS FROM `ke_goods` [ RunTime:0.016610s ]
[ sql ] [ SQL ] SELECT COUNT(*) AS tp_count FROM `ke_goods` WHERE  `cate_id` = 6 LIMIT 1 [ RunTime:0.000572s ]
[ sql ] [ SQL ] SELECT `name` FROM `ke_goods_category` WHERE  `id` = 5 LIMIT 1 [ RunTime:0.000282s ]
[ sql ] [ SQL ] SELECT COUNT(*) AS tp_count FROM `ke_goods` WHERE  `cate_id` = 1 LIMIT 1 [ RunTime:0.000242s ]
[ sql ] [ SQL ] SELECT `name` FROM `ke_goods_category` WHERE  `id` = 0 LIMIT 1 [ RunTime:0.000204s ]
[ sql ] [ SQL ] SELECT COUNT(*) AS tp_count FROM `ke_goods` WHERE  `cate_id` = 5 LIMIT 1 [ RunTime:0.000223s ]
[ sql ] [ SQL ] SELECT `name` FROM `ke_goods_category` WHERE  `id` = 0 LIMIT 1 [ RunTime:0.000211s ]
[ sql ] [ SQL ] SELECT COUNT(*) AS tp_count FROM `ke_goods` WHERE  `cate_id` = 7 LIMIT 1 [ RunTime:0.000251s ]
[ sql ] [ SQL ] SELECT `name` FROM `ke_goods_category` WHERE  `id` = 6 LIMIT 1 [ RunTime:0.000254s ]
[ sql ] [ SQL ] SELECT COUNT(*) AS tp_count FROM `ke_goods` WHERE  `cate_id` = 8 LIMIT 1 [ RunTime:0.000280s ]
[ sql ] [ SQL ] SELECT `name` FROM `ke_goods_category` WHERE  `id` = 0 LIMIT 1 [ RunTime:0.000228s ]
[ sql ] [ SQL ] SELECT COUNT(*) AS tp_count FROM `ke_goods` WHERE  `cate_id` = 9 LIMIT 1 [ RunTime:0.000242s ]
[ sql ] [ SQL ] SELECT `name` FROM `ke_goods_category` WHERE  `id` = 5 LIMIT 1 [ RunTime:0.000254s ]
---------------------------------------------------------------
[ 2021-04-22T08:57:03+08:00 ] 127.0.0.1 GET /manage.php/goods/wdl_cate_edit?id=8
[ info ] nonam.cc/manage.php/goods/wdl_cate_edit?id=8 [运行时间：0.066565s][吞吐率：15.02req/s] [内存消耗：2,639.68kb] [文件加载：56]
[ info ] [ LANG ] F:\Work space\test\core\lang\zh-cn.php
[ info ] [ BIND ] 'admin'
[ info ] [ ROUTE ] array (
  'type' => 'module',
  'module' => 
  array (
    0 => 'admin',
    1 => 'goods',
    2 => 'wdl_cate_edit',
  ),
)
[ info ] [ HEADER ] array (
  'cookie' => 'adminid=2',
  'accept-language' => 'zh-CN,zh;q=0.9,en;q=0.8,en-GB;q=0.7,en-US;q=0.6',
  'accept-encoding' => 'gzip, deflate',
  'referer' => 'http://nonam.cc/manage.php/goods/wdl_cate.html',
  'accept' => 'text/html,application/xhtml+xml,application/xml;q=0.9,image/webp,image/apng,*/*;q=0.8,application/signed-exchange;v=b3;q=0.9',
  'user-agent' => 'Mozilla/5.0 (Windows NT 10.0; Win64; x64) AppleWebKit/537.36 (KHTML, like Gecko) Chrome/90.0.4430.72 Safari/537.36 Edg/90.0.818.41',
  'upgrade-insecure-requests' => '1',
  'connection' => 'close',
  'host' => 'nonam.cc',
)
[ info ] [ PARAM ] array (
  'id' => '8',
)
[ info ] [ DB ] INIT mysql
[ info ] [ RUN ] app\admin\controller\Goods->wdl_cate_edit[ F:\Work space\test\application\admin\controller\Goods.php ]
[ info ] [ VIEW ] F:\Work space\test\public_html/../application/admin\view\goods\wdl_cate_edit.html [ array (
  0 => 'admin',
  1 => 'site',
  2 => 'cat_list',
  3 => 'row',
) ]
[ info ] [ LOG ] INIT File
[ sql ] [ DB ] CONNECT:[ UseTime:0.010598s ] mysql:host=localhost;port=3306;dbname=app_com;charset=utf8
[ sql ] [ SQL ] SHOW COLUMNS FROM `ke_user_admin` [ RunTime:0.001544s ]
[ sql ] [ SQL ] SELECT `id`,`name`,`user_cat`,`status` FROM `ke_user_admin` WHERE  (  id=2 ) LIMIT 1 [ RunTime:0.000492s ]
[ sql ] [ SQL ] SHOW COLUMNS FROM `ke_xitong` [ RunTime:0.001415s ]
[ sql ] [ SQL ] SELECT * FROM `ke_xitong` WHERE  (  id=1 ) LIMIT 1 [ RunTime:0.000454s ]
[ sql ] [ SQL ] SHOW COLUMNS FROM `ke_user_admin_auth` [ RunTime:0.001017s ]
[ sql ] [ SQL ] SELECT `action_id` FROM `ke_user_admin_auth` WHERE  (  role_id=1 ) [ RunTime:0.000307s ]
[ sql ] [ SQL ] SHOW COLUMNS FROM `ke_goods_category` [ RunTime:0.001005s ]
[ sql ] [ SQL ] SELECT * FROM `ke_goods_category` WHERE  `id` = 8 LIMIT 1 [ RunTime:0.000332s ]
[ sql ] [ SQL ] SELECT `id`,`pid`,`name` FROM `ke_goods_category` [ RunTime:0.000271s ]
---------------------------------------------------------------
[ 2021-04-22T08:57:06+08:00 ] 127.0.0.1 GET /manage.php/goods/wdl_cate_edit?id=9
[ info ] nonam.cc/manage.php/goods/wdl_cate_edit?id=9 [运行时间：0.050230s][吞吐率：19.91req/s] [内存消耗：2,639.67kb] [文件加载：56]
[ info ] [ LANG ] F:\Work space\test\core\lang\zh-cn.php
[ info ] [ BIND ] 'admin'
[ info ] [ ROUTE ] array (
  'type' => 'module',
  'module' => 
  array (
    0 => 'admin',
    1 => 'goods',
    2 => 'wdl_cate_edit',
  ),
)
[ info ] [ HEADER ] array (
  'cookie' => 'adminid=2',
  'accept-language' => 'zh-CN,zh;q=0.9,en;q=0.8,en-GB;q=0.7,en-US;q=0.6',
  'accept-encoding' => 'gzip, deflate',
  'referer' => 'http://nonam.cc/manage.php/goods/wdl_cate.html',
  'accept' => 'text/html,application/xhtml+xml,application/xml;q=0.9,image/webp,image/apng,*/*;q=0.8,application/signed-exchange;v=b3;q=0.9',
  'user-agent' => 'Mozilla/5.0 (Windows NT 10.0; Win64; x64) AppleWebKit/537.36 (KHTML, like Gecko) Chrome/90.0.4430.72 Safari/537.36 Edg/90.0.818.41',
  'upgrade-insecure-requests' => '1',
  'connection' => 'close',
  'host' => 'nonam.cc',
)
[ info ] [ PARAM ] array (
  'id' => '9',
)
[ info ] [ DB ] INIT mysql
[ info ] [ RUN ] app\admin\controller\Goods->wdl_cate_edit[ F:\Work space\test\application\admin\controller\Goods.php ]
[ info ] [ VIEW ] F:\Work space\test\public_html/../application/admin\view\goods\wdl_cate_edit.html [ array (
  0 => 'admin',
  1 => 'site',
  2 => 'cat_list',
  3 => 'row',
) ]
[ info ] [ LOG ] INIT File
[ sql ] [ DB ] CONNECT:[ UseTime:0.010319s ] mysql:host=localhost;port=3306;dbname=app_com;charset=utf8
[ sql ] [ SQL ] SHOW COLUMNS FROM `ke_user_admin` [ RunTime:0.001276s ]
[ sql ] [ SQL ] SELECT `id`,`name`,`user_cat`,`status` FROM `ke_user_admin` WHERE  (  id=2 ) LIMIT 1 [ RunTime:0.000433s ]
[ sql ] [ SQL ] SHOW COLUMNS FROM `ke_xitong` [ RunTime:0.001181s ]
[ sql ] [ SQL ] SELECT * FROM `ke_xitong` WHERE  (  id=1 ) LIMIT 1 [ RunTime:0.000414s ]
[ sql ] [ SQL ] SHOW COLUMNS FROM `ke_user_admin_auth` [ RunTime:0.001552s ]
[ sql ] [ SQL ] SELECT `action_id` FROM `ke_user_admin_auth` WHERE  (  role_id=1 ) [ RunTime:0.000471s ]
[ sql ] [ SQL ] SHOW COLUMNS FROM `ke_goods_category` [ RunTime:0.001339s ]
[ sql ] [ SQL ] SELECT * FROM `ke_goods_category` WHERE  `id` = 9 LIMIT 1 [ RunTime:0.000366s ]
[ sql ] [ SQL ] SELECT `id`,`pid`,`name` FROM `ke_goods_category` [ RunTime:0.000281s ]
---------------------------------------------------------------
[ 2021-04-22T08:57:14+08:00 ] 127.0.0.1 GET /manage.php/goods/wdl_cate_edit?id=7
[ info ] nonam.cc/manage.php/goods/wdl_cate_edit?id=7 [运行时间：0.050167s][吞吐率：19.93req/s] [内存消耗：2,639.69kb] [文件加载：56]
[ info ] [ LANG ] F:\Work space\test\core\lang\zh-cn.php
[ info ] [ BIND ] 'admin'
[ info ] [ ROUTE ] array (
  'type' => 'module',
  'module' => 
  array (
    0 => 'admin',
    1 => 'goods',
    2 => 'wdl_cate_edit',
  ),
)
[ info ] [ HEADER ] array (
  'cookie' => 'adminid=2',
  'accept-language' => 'zh-CN,zh;q=0.9,en;q=0.8,en-GB;q=0.7,en-US;q=0.6',
  'accept-encoding' => 'gzip, deflate',
  'referer' => 'http://nonam.cc/manage.php/goods/wdl_cate.html',
  'accept' => 'text/html,application/xhtml+xml,application/xml;q=0.9,image/webp,image/apng,*/*;q=0.8,application/signed-exchange;v=b3;q=0.9',
  'user-agent' => 'Mozilla/5.0 (Windows NT 10.0; Win64; x64) AppleWebKit/537.36 (KHTML, like Gecko) Chrome/90.0.4430.72 Safari/537.36 Edg/90.0.818.41',
  'upgrade-insecure-requests' => '1',
  'connection' => 'close',
  'host' => 'nonam.cc',
)
[ info ] [ PARAM ] array (
  'id' => '7',
)
[ info ] [ DB ] INIT mysql
[ info ] [ RUN ] app\admin\controller\Goods->wdl_cate_edit[ F:\Work space\test\application\admin\controller\Goods.php ]
[ info ] [ VIEW ] F:\Work space\test\public_html/../application/admin\view\goods\wdl_cate_edit.html [ array (
  0 => 'admin',
  1 => 'site',
  2 => 'cat_list',
  3 => 'row',
) ]
[ info ] [ LOG ] INIT File
[ sql ] [ DB ] CONNECT:[ UseTime:0.010374s ] mysql:host=localhost;port=3306;dbname=app_com;charset=utf8
[ sql ] [ SQL ] SHOW COLUMNS FROM `ke_user_admin` [ RunTime:0.001296s ]
[ sql ] [ SQL ] SELECT `id`,`name`,`user_cat`,`status` FROM `ke_user_admin` WHERE  (  id=2 ) LIMIT 1 [ RunTime:0.000438s ]
[ sql ] [ SQL ] SHOW COLUMNS FROM `ke_xitong` [ RunTime:0.001159s ]
[ sql ] [ SQL ] SELECT * FROM `ke_xitong` WHERE  (  id=1 ) LIMIT 1 [ RunTime:0.000423s ]
[ sql ] [ SQL ] SHOW COLUMNS FROM `ke_user_admin_auth` [ RunTime:0.001332s ]
[ sql ] [ SQL ] SELECT `action_id` FROM `ke_user_admin_auth` WHERE  (  role_id=1 ) [ RunTime:0.000358s ]
[ sql ] [ SQL ] SHOW COLUMNS FROM `ke_goods_category` [ RunTime:0.001326s ]
[ sql ] [ SQL ] SELECT * FROM `ke_goods_category` WHERE  `id` = 7 LIMIT 1 [ RunTime:0.000439s ]
[ sql ] [ SQL ] SELECT `id`,`pid`,`name` FROM `ke_goods_category` [ RunTime:0.000304s ]
---------------------------------------------------------------
[ 2021-04-22T08:57:29+08:00 ] 127.0.0.1 GET /manage.php/goods/index.html
[ info ] nonam.cc/manage.php/goods/index.html [运行时间：0.077603s][吞吐率：12.89req/s] [内存消耗：2,644.59kb] [文件加载：56]
[ info ] [ LANG ] F:\Work space\test\core\lang\zh-cn.php
[ info ] [ BIND ] 'admin'
[ info ] [ ROUTE ] array (
  'type' => 'module',
  'module' => 
  array (
    0 => 'admin',
    1 => 'goods',
    2 => 'index',
  ),
)
[ info ] [ HEADER ] array (
  'cookie' => 'adminid=2',
  'accept-language' => 'zh-CN,zh;q=0.9,en;q=0.8,en-GB;q=0.7,en-US;q=0.6',
  'accept-encoding' => 'gzip, deflate',
  'referer' => 'http://nonam.cc/manage.php/index/index.html',
  'accept' => 'text/html,application/xhtml+xml,application/xml;q=0.9,image/webp,image/apng,*/*;q=0.8,application/signed-exchange;v=b3;q=0.9',
  'user-agent' => 'Mozilla/5.0 (Windows NT 10.0; Win64; x64) AppleWebKit/537.36 (KHTML, like Gecko) Chrome/90.0.4430.72 Safari/537.36 Edg/90.0.818.41',
  'upgrade-insecure-requests' => '1',
  'connection' => 'close',
  'host' => 'nonam.cc',
)
[ info ] [ PARAM ] array (
)
[ info ] [ DB ] INIT mysql
[ info ] [ RUN ] app\admin\controller\Goods->index[ F:\Work space\test\application\admin\controller\Goods.php ]
[ info ] [ VIEW ] F:\Work space\test\public_html/../application/admin\view\goods\index.html [ array (
  0 => 'admin',
  1 => 'site',
  2 => 'cat_list',
) ]
[ info ] [ LOG ] INIT File
[ sql ] [ DB ] CONNECT:[ UseTime:0.010657s ] mysql:host=localhost;port=3306;dbname=app_com;charset=utf8
[ sql ] [ SQL ] SHOW COLUMNS FROM `ke_user_admin` [ RunTime:0.001293s ]
[ sql ] [ SQL ] SELECT `id`,`name`,`user_cat`,`status` FROM `ke_user_admin` WHERE  (  id=2 ) LIMIT 1 [ RunTime:0.000360s ]
[ sql ] [ SQL ] SHOW COLUMNS FROM `ke_xitong` [ RunTime:0.001142s ]
[ sql ] [ SQL ] SELECT * FROM `ke_xitong` WHERE  (  id=1 ) LIMIT 1 [ RunTime:0.000420s ]
[ sql ] [ SQL ] SHOW COLUMNS FROM `ke_user_admin_auth` [ RunTime:0.000939s ]
[ sql ] [ SQL ] SELECT `action_id` FROM `ke_user_admin_auth` WHERE  (  role_id=1 ) [ RunTime:0.000304s ]
[ sql ] [ SQL ] SHOW COLUMNS FROM `ke_user_admin_action` [ RunTime:0.000973s ]
[ sql ] [ SQL ] SELECT `id` FROM `ke_user_admin_action` WHERE  `m` = 'Goods'  AND `a` = 'index' LIMIT 1 [ RunTime:0.000324s ]
[ sql ] [ SQL ] SHOW COLUMNS FROM `ke_goods_category` [ RunTime:0.000964s ]
[ sql ] [ SQL ] SELECT `id`,`pid`,`name` FROM `ke_goods_category` [ RunTime:0.000267s ]
---------------------------------------------------------------
[ 2021-04-22T08:57:29+08:00 ] 127.0.0.1 POST /manage.php/goods/index.html
[ info ] nonam.cc/manage.php/goods/index.html [运行时间：0.092373s][吞吐率：10.83req/s] [内存消耗：2,579.70kb] [文件加载：54]
[ info ] [ LANG ] F:\Work space\test\core\lang\zh-cn.php
[ info ] [ BIND ] 'admin'
[ info ] [ ROUTE ] array (
  'type' => 'module',
  'module' => 
  array (
    0 => 'admin',
    1 => 'goods',
    2 => 'index',
  ),
)
[ info ] [ HEADER ] array (
  'cookie' => 'adminid=2',
  'accept-language' => 'zh-CN,zh;q=0.9,en;q=0.8,en-GB;q=0.7,en-US;q=0.6',
  'accept-encoding' => 'gzip, deflate',
  'referer' => 'http://nonam.cc/manage.php/goods/index.html',
  'origin' => 'http://nonam.cc',
  'content-type' => 'application/x-www-form-urlencoded; charset=UTF-8',
  'user-agent' => 'Mozilla/5.0 (Windows NT 10.0; Win64; x64) AppleWebKit/537.36 (KHTML, like Gecko) Chrome/90.0.4430.72 Safari/537.36 Edg/90.0.818.41',
  'x-requested-with' => 'XMLHttpRequest',
  'accept' => 'application/json, text/javascript, */*; q=0.01',
  'content-length' => '15',
  'connection' => 'close',
  'host' => 'nonam.cc',
)
[ info ] [ PARAM ] array (
  'page' => '1',
  'limit' => '10',
)
[ info ] [ DB ] INIT mysql
[ info ] [ RUN ] app\admin\controller\Goods->index[ F:\Work space\test\application\admin\controller\Goods.php ]
[ info ] [ LOG ] INIT File
[ sql ] [ DB ] CONNECT:[ UseTime:0.011067s ] mysql:host=localhost;port=3306;dbname=app_com;charset=utf8
[ sql ] [ SQL ] SHOW COLUMNS FROM `ke_user_admin` [ RunTime:0.001965s ]
[ sql ] [ SQL ] SELECT `id`,`name`,`user_cat`,`status` FROM `ke_user_admin` WHERE  (  id=2 ) LIMIT 1 [ RunTime:0.000572s ]
[ sql ] [ SQL ] SHOW COLUMNS FROM `ke_xitong` [ RunTime:0.001343s ]
[ sql ] [ SQL ] SELECT * FROM `ke_xitong` WHERE  (  id=1 ) LIMIT 1 [ RunTime:0.000362s ]
[ sql ] [ SQL ] SHOW COLUMNS FROM `ke_user_admin_auth` [ RunTime:0.000948s ]
[ sql ] [ SQL ] SELECT `action_id` FROM `ke_user_admin_auth` WHERE  (  role_id=1 ) [ RunTime:0.000250s ]
[ sql ] [ SQL ] SHOW COLUMNS FROM `ke_user_admin_action` [ RunTime:0.000938s ]
[ sql ] [ SQL ] SELECT `id` FROM `ke_user_admin_action` WHERE  `m` = 'Goods'  AND `a` = 'index' LIMIT 1 [ RunTime:0.000283s ]
[ sql ] [ SQL ] SHOW COLUMNS FROM `ke_goods` [ RunTime:0.000996s ]
[ sql ] [ SQL ] SELECT COUNT(*) AS tp_count FROM `ke_goods` `g` LEFT JOIN `ke_goods_category` `c` ON `c`.`id`=`g`.`cate_id` LIMIT 1 [ RunTime:0.000612s ]
[ sql ] [ SQL ] SELECT COUNT(*) AS tp_count FROM `ke_goods` `g` LEFT JOIN `ke_goods_category` `c` ON `c`.`id`=`g`.`cate_id` LIMIT 1 [ RunTime:0.000628s ]
[ sql ] [ SQL ] SELECT `g`.*,c.name as cate_name FROM `ke_goods` `g` LEFT JOIN `ke_goods_category` `c` ON `c`.`id`=`g`.`cate_id` ORDER BY weigh desc LIMIT 0,15 [ RunTime:0.012414s ]
---------------------------------------------------------------
[ 2021-04-22T08:57:29+08:00 ] 127.0.0.1 GET /manage.php/goods/333
[ info ] nonam.cc/manage.php/goods/333 [运行时间：0.139849s][吞吐率：7.15req/s] [内存消耗：2,478.52kb] [文件加载：53]
[ info ] [ LANG ] F:\Work space\test\core\lang\zh-cn.php
[ info ] [ BIND ] 'admin'
[ info ] [ ROUTE ] array (
  'type' => 'module',
  'module' => 
  array (
    0 => 'admin',
    1 => 'goods',
    2 => '333',
  ),
)
[ info ] [ HEADER ] array (
  'cookie' => 'adminid=2',
  'accept-language' => 'zh-CN,zh;q=0.9,en;q=0.8,en-GB;q=0.7,en-US;q=0.6',
  'accept-encoding' => 'gzip, deflate',
  'referer' => 'http://nonam.cc/manage.php/goods/index.html',
  'accept' => 'image/webp,image/apng,image/svg+xml,image/*,*/*;q=0.8',
  'user-agent' => 'Mozilla/5.0 (Windows NT 10.0; Win64; x64) AppleWebKit/537.36 (KHTML, like Gecko) Chrome/90.0.4430.72 Safari/537.36 Edg/90.0.818.41',
  'connection' => 'close',
  'host' => 'nonam.cc',
)
[ info ] [ PARAM ] array (
)
[ info ] [ DB ] INIT mysql
[ info ] [ VIEW ] F:\Work space\test\core\tpl\dispatch_jump.tpl [ array (
  0 => 'admin',
  1 => 'site',
  2 => 'code',
  3 => 'msg',
  4 => 'data',
  5 => 'url',
  6 => 'wait',
) ]
[ info ] [ LOG ] INIT File
[ sql ] [ DB ] CONNECT:[ UseTime:0.001252s ] mysql:host=localhost;port=3306;dbname=app_com;charset=utf8
[ sql ] [ SQL ] SHOW COLUMNS FROM `ke_user_admin` [ RunTime:0.001281s ]
[ sql ] [ SQL ] SELECT `id`,`name`,`user_cat`,`status` FROM `ke_user_admin` WHERE  (  id=2 ) LIMIT 1 [ RunTime:0.000327s ]
[ sql ] [ SQL ] SHOW COLUMNS FROM `ke_xitong` [ RunTime:0.000983s ]
[ sql ] [ SQL ] SELECT * FROM `ke_xitong` WHERE  (  id=1 ) LIMIT 1 [ RunTime:0.000308s ]
[ sql ] [ SQL ] SHOW COLUMNS FROM `ke_user_admin_auth` [ RunTime:0.000953s ]
[ sql ] [ SQL ] SELECT `action_id` FROM `ke_user_admin_auth` WHERE  (  role_id=1 ) [ RunTime:0.000329s ]
[ sql ] [ SQL ] SHOW COLUMNS FROM `ke_user_admin_action` [ RunTime:0.001023s ]
[ sql ] [ SQL ] SELECT `id` FROM `ke_user_admin_action` WHERE  `m` = 'Goods'  AND `a` = '333' LIMIT 1 [ RunTime:0.000278s ]
---------------------------------------------------------------
[ 2021-04-22T08:57:30+08:00 ] 127.0.0.1 GET /manage.php/goods/444
[ info ] nonam.cc/manage.php/goods/444 [运行时间：0.070112s][吞吐率：14.26req/s] [内存消耗：2,478.52kb] [文件加载：53]
[ info ] [ LANG ] F:\Work space\test\core\lang\zh-cn.php
[ info ] [ BIND ] 'admin'
[ info ] [ ROUTE ] array (
  'type' => 'module',
  'module' => 
  array (
    0 => 'admin',
    1 => 'goods',
    2 => '444',
  ),
)
[ info ] [ HEADER ] array (
  'cookie' => 'adminid=2',
  'accept-language' => 'zh-CN,zh;q=0.9,en;q=0.8,en-GB;q=0.7,en-US;q=0.6',
  'accept-encoding' => 'gzip, deflate',
  'referer' => 'http://nonam.cc/manage.php/goods/index.html',
  'accept' => 'image/webp,image/apng,image/svg+xml,image/*,*/*;q=0.8',
  'user-agent' => 'Mozilla/5.0 (Windows NT 10.0; Win64; x64) AppleWebKit/537.36 (KHTML, like Gecko) Chrome/90.0.4430.72 Safari/537.36 Edg/90.0.818.41',
  'connection' => 'close',
  'host' => 'nonam.cc',
)
[ info ] [ PARAM ] array (
)
[ info ] [ DB ] INIT mysql
[ info ] [ VIEW ] F:\Work space\test\core\tpl\dispatch_jump.tpl [ array (
  0 => 'admin',
  1 => 'site',
  2 => 'code',
  3 => 'msg',
  4 => 'data',
  5 => 'url',
  6 => 'wait',
) ]
[ info ] [ LOG ] INIT File
[ sql ] [ DB ] CONNECT:[ UseTime:0.010807s ] mysql:host=localhost;port=3306;dbname=app_com;charset=utf8
[ sql ] [ SQL ] SHOW COLUMNS FROM `ke_user_admin` [ RunTime:0.001547s ]
[ sql ] [ SQL ] SELECT `id`,`name`,`user_cat`,`status` FROM `ke_user_admin` WHERE  (  id=2 ) LIMIT 1 [ RunTime:0.000605s ]
[ sql ] [ SQL ] SHOW COLUMNS FROM `ke_xitong` [ RunTime:0.001540s ]
[ sql ] [ SQL ] SELECT * FROM `ke_xitong` WHERE  (  id=1 ) LIMIT 1 [ RunTime:0.000527s ]
[ sql ] [ SQL ] SHOW COLUMNS FROM `ke_user_admin_auth` [ RunTime:0.001243s ]
[ sql ] [ SQL ] SELECT `action_id` FROM `ke_user_admin_auth` WHERE  (  role_id=1 ) [ RunTime:0.000404s ]
[ sql ] [ SQL ] SHOW COLUMNS FROM `ke_user_admin_action` [ RunTime:0.001222s ]
[ sql ] [ SQL ] SELECT `id` FROM `ke_user_admin_action` WHERE  `m` = 'Goods'  AND `a` = '444' LIMIT 1 [ RunTime:0.000404s ]
